# JRE version: OpenJDK Runtime Environment (17.0.9) (build 17.0.9+0--11185874)
# Java VM: OpenJDK 64-Bit Server VM (17.0.9+0--11185874, mixed mode, tiered, compressed oops, compressed class ptrs, g1 gc, windows-amd64)
GC Precious Log:
 CPUs: 12 total, 12 available
 Memory: 6005M
 Large Page Support: Disabled
 NUMA Support: Disabled
 Compressed Oops: Enabled (32-bit)
 Heap Region Size: 1M
 Heap Min Capacity: 8M
 Heap Initial Capacity: 94M
 Heap Max Capacity: 2G
 Pre-touch: Disabled
 Parallel Workers: 10
 Concurrent Workers: 3
 Concurrent Refinement Workers: 10
 Periodic GC: Disabled
Heap:
 garbage-first heap   total 205824K, used 161292K [0x0000000080000000, 0x0000000100000000)
  region size 1024K, 5 young (5120K), 3 survivors (3072K)
 Metaspace       used 134494K, committed 135552K, reserved 1179648K
  class space    used 19025K, committed 19520K, reserved 1048576K
GC Heap History (20 events):
Event: 56.908 GC heap before
{Heap before GC invocations=69 (full 0):
 garbage-first heap   total 171008K, used 145532K [0x0000000080000000, 0x0000000100000000)
  region size 1024K, 26 young (26624K), 2 survivors (2048K)
 Metaspace       used 116331K, committed 117184K, reserved 1179648K
  class space    used 15964K, committed 16384K, reserved 1048576K
}
Event: 56.913 GC heap after
{Heap after GC invocations=70 (full 0):
 garbage-first heap   total 171008K, used 123606K [0x0000000080000000, 0x0000000100000000)
  region size 1024K, 4 young (4096K), 4 survivors (4096K)
 Metaspace       used 116331K, committed 117184K, reserved 1179648K
  class space    used 15964K, committed 16384K, reserved 1048576K
}
Event: 57.355 GC heap before
{Heap before GC invocations=70 (full 0):
 garbage-first heap   total 171008K, used 145110K [0x0000000080000000, 0x0000000100000000)
  region size 1024K, 26 young (26624K), 4 survivors (4096K)
 Metaspace       used 118674K, committed 119552K, reserved 1179648K
  class space    used 16345K, committed 16768K, reserved 1048576K
}
Event: 57.364 GC heap after
{Heap after GC invocations=71 (full 0):
 garbage-first heap   total 171008K, used 125889K [0x0000000080000000, 0x0000000100000000)
  region size 1024K, 4 young (4096K), 4 survivors (4096K)
 Metaspace       used 118674K, committed 119552K, reserved 1179648K
  class space    used 16345K, committed 16768K, reserved 1048576K
}
Event: 57.693 GC heap before
{Heap before GC invocations=71 (full 0):
 garbage-first heap   total 171008K, used 146369K [0x0000000080000000, 0x0000000100000000)
  region size 1024K, 25 young (25600K), 4 survivors (4096K)
 Metaspace       used 120116K, committed 121024K, reserved 1179648K
  class space    used 16598K, committed 17024K, reserved 1048576K
}
Event: 57.704 GC heap after
{Heap after GC invocations=72 (full 0):
 garbage-first heap   total 171008K, used 130251K [0x0000000080000000, 0x0000000100000000)
  region size 1024K, 4 young (4096K), 4 survivors (4096K)
 Metaspace       used 120116K, committed 121024K, reserved 1179648K
  class space    used 16598K, committed 17024K, reserved 1048576K
}
Event: 58.062 GC heap before
{Heap before GC invocations=72 (full 0):
 garbage-first heap   total 171008K, used 144587K [0x0000000080000000, 0x0000000100000000)
  region size 1024K, 19 young (19456K), 4 survivors (4096K)
 Metaspace       used 121745K, committed 122688K, reserved 1179648K
  class space    used 16836K, committed 17280K, reserved 1048576K
}
Event: 58.069 GC heap after
{Heap after GC invocations=73 (full 0):
 garbage-first heap   total 171008K, used 131619K [0x0000000080000000, 0x0000000100000000)
  region size 1024K, 2 young (2048K), 2 survivors (2048K)
 Metaspace       used 121745K, committed 122688K, reserved 1179648K
  class space    used 16836K, committed 17280K, reserved 1048576K
}
Event: 58.345 GC heap before
{Heap before GC invocations=73 (full 0):
 garbage-first heap   total 171008K, used 144931K [0x0000000080000000, 0x0000000100000000)
  region size 1024K, 16 young (16384K), 2 survivors (2048K)
 Metaspace       used 123633K, committed 124544K, reserved 1179648K
  class space    used 17184K, committed 17600K, reserved 1048576K
}
Event: 58.349 GC heap after
{Heap after GC invocations=74 (full 0):
 garbage-first heap   total 205824K, used 131709K [0x0000000080000000, 0x0000000100000000)
  region size 1024K, 2 young (2048K), 2 survivors (2048K)
 Metaspace       used 123633K, committed 124544K, reserved 1179648K
  class space    used 17184K, committed 17600K, reserved 1048576K
}
Event: 58.964 GC heap before
{Heap before GC invocations=74 (full 0):
 garbage-first heap   total 205824K, used 169597K [0x0000000080000000, 0x0000000100000000)
  region size 1024K, 40 young (40960K), 2 survivors (2048K)
 Metaspace       used 127511K, committed 128384K, reserved 1179648K
  class space    used 17827K, committed 18240K, reserved 1048576K
}
Event: 58.970 GC heap after
{Heap after GC invocations=75 (full 0):
 garbage-first heap   total 205824K, used 133316K [0x0000000080000000, 0x0000000100000000)
  region size 1024K, 3 young (3072K), 3 survivors (3072K)
 Metaspace       used 127511K, committed 128384K, reserved 1179648K
  class space    used 17827K, committed 18240K, reserved 1048576K
}
Event: 59.271 GC heap before
{Heap before GC invocations=75 (full 0):
 garbage-first heap   total 205824K, used 171204K [0x0000000080000000, 0x0000000100000000)
  region size 1024K, 41 young (41984K), 3 survivors (3072K)
 Metaspace       used 129457K, committed 130432K, reserved 1179648K
  class space    used 18139K, committed 18560K, reserved 1048576K
}
Event: 59.276 GC heap after
{Heap after GC invocations=76 (full 0):
 garbage-first heap   total 205824K, used 133182K [0x0000000080000000, 0x0000000100000000)
  region size 1024K, 3 young (3072K), 3 survivors (3072K)
 Metaspace       used 129457K, committed 130432K, reserved 1179648K
  class space    used 18139K, committed 18560K, reserved 1048576K
}
Event: 60.009 GC heap before
{Heap before GC invocations=76 (full 0):
 garbage-first heap   total 205824K, used 174142K [0x0000000080000000, 0x0000000100000000)
  region size 1024K, 43 young (44032K), 3 survivors (3072K)
 Metaspace       used 131184K, committed 132160K, reserved 1179648K
  class space    used 18431K, committed 18880K, reserved 1048576K
}
Event: 60.016 GC heap after
{Heap after GC invocations=77 (full 0):
 garbage-first heap   total 205824K, used 135100K [0x0000000080000000, 0x0000000100000000)
  region size 1024K, 5 young (5120K), 5 survivors (5120K)
 Metaspace       used 131184K, committed 132160K, reserved 1179648K
  class space    used 18431K, committed 18880K, reserved 1048576K
}
Event: 60.628 GC heap before
{Heap before GC invocations=77 (full 0):
 garbage-first heap   total 205824K, used 174012K [0x0000000080000000, 0x0000000100000000)
  region size 1024K, 43 young (44032K), 5 survivors (5120K)
 Metaspace       used 132909K, committed 133824K, reserved 1179648K
  class space    used 18824K, committed 19264K, reserved 1048576K
}
Event: 60.634 GC heap after
{Heap after GC invocations=78 (full 0):
 garbage-first heap   total 205824K, used 133843K [0x0000000080000000, 0x0000000100000000)
  region size 1024K, 2 young (2048K), 2 survivors (2048K)
 Metaspace       used 132909K, committed 133824K, reserved 1179648K
  class space    used 18824K, committed 19264K, reserved 1048576K
}
Event: 61.544 GC heap before
{Heap before GC invocations=78 (full 0):
 garbage-first heap   total 205824K, used 160467K [0x0000000080000000, 0x0000000100000000)
  region size 1024K, 16 young (16384K), 2 survivors (2048K)
 Metaspace       used 134423K, committed 135360K, reserved 1179648K
  class space    used 19020K, committed 19456K, reserved 1048576K
}
Event: 61.560 GC heap after
{Heap after GC invocations=79 (full 0):
 garbage-first heap   total 205824K, used 149004K [0x0000000080000000, 0x0000000100000000)
  region size 1024K, 3 young (3072K), 3 survivors (3072K)
 Metaspace       used 134423K, committed 135360K, reserved 1179648K
  class space    used 19020K, committed 19456K, reserved 1048576K
}

